<?xml version="1.0" encoding="UTF-8"?>
<testng-results ignored="0" total="1" passed="1" failed="0" skipped="0">
  <reporter-output>
  </reporter-output>
  <suite started-at="2021-02-16T11:59:35 GMT" name="Suite" finished-at="2021-02-16T12:00:12 GMT" duration-ms="36854">
    <groups>
      <group name="cucumber">
        <method signature="AbstractTestNGCucumberTests.runScenario(io.cucumber.testng.PickleWrapper, io.cucumber.testng.FeatureWrapper)[pri:0, instance:com.runner.TestRunner@3fb1549b]" name="runScenario" class="io.cucumber.testng.AbstractTestNGCucumberTests"/>
      </group> <!-- cucumber -->
    </groups>
    <test started-at="2021-02-16T11:59:35 GMT" name="Test" finished-at="2021-02-16T12:00:12 GMT" duration-ms="36854">
      <class name="com.runner.TestRunner">
        <test-method is-config="true" signature="setUpClass()[pri:0, instance:com.runner.TestRunner@3fb1549b]" started-at="2021-02-16T11:59:35 GMT" name="setUpClass" finished-at="2021-02-16T11:59:37 GMT" duration-ms="2020" status="PASS">
          <reporter-output>
          </reporter-output>
        </test-method> <!-- setUpClass -->
        <test-method signature="runScenario(io.cucumber.testng.PickleWrapper, io.cucumber.testng.FeatureWrapper)[pri:0, instance:com.runner.TestRunner@3fb1549b]" started-at="2021-02-16T11:59:37 GMT" name="runScenario" description="Runs Cucumber Scenarios" data-provider="scenarios" finished-at="2021-02-16T12:00:11 GMT" duration-ms="34308" status="PASS">
          <params>
            <param index="0">
              <value>
                <![CDATA["Search items and Add to cart"]]>
              </value>
            </param>
            <param index="1">
              <value>
                <![CDATA["Optional[Search for Vegetable and Add to cart]"]]>
              </value>
            </param>
          </params>
          <reporter-output>
          </reporter-output>
        </test-method> <!-- runScenario -->
        <test-method is-config="true" signature="tearDownClass()[pri:0, instance:com.runner.TestRunner@3fb1549b]" started-at="2021-02-16T12:00:11 GMT" name="tearDownClass" finished-at="2021-02-16T12:00:12 GMT" duration-ms="370" status="PASS">
          <reporter-output>
          </reporter-output>
        </test-method> <!-- tearDownClass -->
      </class> <!-- com.runner.TestRunner -->
    </test> <!-- Test -->
  </suite> <!-- Suite -->
</testng-results>
